2022-06-14 11:32:00,587 INFO o.s.b.StartupInfoLogger [main] Starting CustomerBasicServerRunner on W-2WZYX33 with PID 96800 (C:\Users\I542324\Documents\eclipse-2021\eclipse\workspace\soap-basic\soap-server-basic-auth\target\classes started by I542324 in C:\Users\I542324\Documents\eclipse-2021\eclipse\workspace\soap-basic\soap-server-basic-auth)
2022-06-14 11:32:00,599 INFO o.s.b.SpringApplication [main] No active profile set, falling back to default profiles: default
2022-06-14 11:32:01,858 INFO o.s.c.s.PostProcessorRegistrationDelegate$BeanPostProcessorChecker [main] Bean 'northwind.config.WebServiceConfig' of type [northwind.config.WebServiceConfig$$EnhancerBySpringCGLIB$$4e712aa2] is not eligible for getting processed by all BeanPostProcessors (for example: not eligible for auto-proxying)
2022-06-14 11:32:01,860 INFO o.s.c.s.PostProcessorRegistrationDelegate$BeanPostProcessorChecker [main] Bean 'org.springframework.ws.config.annotation.DelegatingWsConfiguration' of type [org.springframework.ws.config.annotation.DelegatingWsConfiguration$$EnhancerBySpringCGLIB$$7c43502e] is not eligible for getting processed by all BeanPostProcessors (for example: not eligible for auto-proxying)
2022-06-14 11:32:01,917 INFO o.s.w.s.a.s.AbstractAddressingEndpointMapping [main] Supporting [WS-Addressing August 2004, WS-Addressing 1.0]
2022-06-14 11:32:03,415 INFO o.s.b.w.e.t.TomcatWebServer [main] Tomcat initialized with port(s): 8888 (http)
2022-06-14 11:32:03,446 INFO o.a.j.l.DirectJDKLog [main] Initializing ProtocolHandler ["http-nio-8888"]
2022-06-14 11:32:03,447 INFO o.a.j.l.DirectJDKLog [main] Starting service [Tomcat]
2022-06-14 11:32:03,448 INFO o.a.j.l.DirectJDKLog [main] Starting Servlet engine: [Apache Tomcat/9.0.46]
2022-06-14 11:32:03,625 INFO o.a.j.l.DirectJDKLog [main] Initializing Spring embedded WebApplicationContext
2022-06-14 11:32:03,626 INFO o.s.b.w.s.c.ServletWebServerApplicationContext [main] Root WebApplicationContext: initialization completed in 2966 ms
2022-06-14 11:32:04,628 INFO o.s.s.w.DefaultSecurityFilterChain [main] Creating filter chain: any request, [org.springframework.security.web.context.request.async.WebAsyncManagerIntegrationFilter@1c046c92, org.springframework.security.web.context.SecurityContextPersistenceFilter@6467ddc7, org.springframework.security.web.header.HeaderWriterFilter@6371cf2f, org.springframework.security.web.authentication.logout.LogoutFilter@16b3c905, org.springframework.security.web.authentication.www.BasicAuthenticationFilter@5460edd3, northwind.filter.AfterBasicAuthenticationFilter@27960b1e, org.springframework.security.web.savedrequest.RequestCacheAwareFilter@59636c47, org.springframework.security.web.servletapi.SecurityContextHolderAwareRequestFilter@3b97907c, org.springframework.security.web.authentication.AnonymousAuthenticationFilter@643ba1ed, org.springframework.security.web.session.SessionManagementFilter@57e5396b, org.springframework.security.web.access.ExceptionTranslationFilter@3b7c58e7, org.springframework.security.web.access.intercept.FilterSecurityInterceptor@27976390]
2022-06-14 11:32:05,062 INFO o.s.s.c.ExecutorConfigurationSupport [main] Initializing ExecutorService 'applicationTaskExecutor'
2022-06-14 11:32:05,543 INFO o.a.j.l.DirectJDKLog [main] Starting ProtocolHandler ["http-nio-8888"]
2022-06-14 11:32:05,628 INFO o.s.b.w.e.t.TomcatWebServer [main] Tomcat started on port(s): 8888 (http) with context path ''
2022-06-14 11:32:05,653 INFO o.s.b.StartupInfoLogger [main] Started CustomerBasicServerRunner in 5.397 seconds (JVM running for 6.643)
2022-06-14 11:32:17,335 INFO o.a.j.l.DirectJDKLog [http-nio-8888-exec-1] Initializing Spring MessageDispatcherServlet 'messageDispatcherServlet'
2022-06-14 11:32:17,336 INFO o.s.w.s.FrameworkServlet [http-nio-8888-exec-1] Initializing Servlet 'messageDispatcherServlet'
2022-06-14 11:32:17,345 INFO o.s.w.s.s.SaajSoapMessageFactory [http-nio-8888-exec-1] Creating SAAJ 1.3 MessageFactory with SOAP 1.1 Protocol
2022-06-14 11:32:17,380 INFO o.s.w.s.FrameworkServlet [http-nio-8888-exec-1] Completed initialization in 44 ms
2022-06-14 11:44:24,843 WARN o.a.j.l.DirectJDKLog [http-nio-8888-exec-1] Creation of SecureRandom instance for session ID generation using [SHA1PRNG] took [465] milliseconds.
